<?xml version="1.0" encoding="UTF-8"?>
<!-- Generated by org.testng.reporters.JUnitXMLReporter -->
<testsuite hostname="CBR-LAP-DEL2443" name="Default test" tests="3" failures="0" timestamp="6 Jun 2019 09:41:13 GMT" time="91.945" errors="0">
  <testcase name="verifySignInPageTitle" time="0.026" classname="com.hilton.TestCases.SignInPageTest"/>
  <testcase name="verifyLogoTest" time="0.07" classname="com.hilton.TestCases.SignInPageTest"/>
  <testcase name="clickSignInButtonTest" time="20.698" classname="com.hilton.TestCases.SignInPageTest"/>
</testsuite> <!-- Default test -->
