<?xml version="1.0" encoding="UTF-8"?>
<!-- Generated by org.testng.reporters.JUnitXMLReporter -->
<testsuite hostname="CBR-LAP-DEL2443" name="Default test" tests="3" failures="0" timestamp="3 Jun 2019 08:24:05 GMT" time="110.992" errors="0">
  <testcase name="verifySignInPageTitle" time="0.022" classname="com.hilton.TestCases.SignInPageTest"/>
  <testcase name="verifyLogoTest" time="0.226" classname="com.hilton.TestCases.SignInPageTest"/>
  <testcase name="clickSignInButtonTest" time="14.874" classname="com.hilton.TestCases.SignInPageTest"/>
</testsuite> <!-- Default test -->
