-------------------------------------------------------------------------------
Test set: TestSuite
-------------------------------------------------------------------------------
Tests run: 15, Failures: 2, Errors: 0, Skipped: 13, Time elapsed: 73.054 sec <<< FAILURE!
setup(com.hilton.TestCases.LoginPageTest)  Time elapsed: 38.427 sec  <<< FAILURE!
org.openqa.selenium.WebDriverException: Reached error page: about:neterror?e=netTimeout&u=http%3A//www3-iwv-stg.hilton.com/en/index.html&c=UTF-8&f=regular&d=The%20server%20at%20www3-iwv-stg.hilton.com%20is%20taking%20too%20long%20to%20respond.
Build info: version: '3.4.0', revision: 'unknown', time: 'unknown'
System info: host: 'CBR-LAP-DEL2443', ip: '192.168.0.101', os.name: 'Windows 7', os.arch: 'amd64', os.version: '6.1', java.version: '1.8.0_73'
Driver info: org.openqa.selenium.firefox.FirefoxDriver
Capabilities [{moz:profile=C:\Users\nawkumar\AppData\Local\Temp\rust_mozprofile.rJO0iV8UnyL4, rotatable=false, moz:geckodriverVersion=0.24.0, timeouts={implicit=0.0, pageLoad=300000.0, script=30000.0}, pageLoadStrategy=normal, unhandledPromptBehavior=dismiss and notify, strictFileInteractability=false, moz:headless=false, platform=ANY, moz:accessibilityChecks=false, moz:useNonSpecCompliantPointerOrigin=false, acceptInsecureCerts=false, browserVersion=67.0, moz:shutdownTimeout=60000.0, platformVersion=6.1, moz:processID=17952.0, browserName=firefox, moz:buildID=20190516215225, javascriptEnabled=true, platformName=windows, setWindowRect=true, moz:webdriverClick=true}]
Session ID: 3bfb3cbf-1a14-451a-a6cc-87a722fe6c9b
	at sun.reflect.NativeConstructorAccessorImpl.newInstance0(Native Method)
	at sun.reflect.NativeConstructorAccessorImpl.newInstance(NativeConstructorAccessorImpl.java:62)
	at sun.reflect.DelegatingConstructorAccessorImpl.newInstance(DelegatingConstructorAccessorImpl.java:45)
	at java.lang.reflect.Constructor.newInstance(Constructor.java:422)
	at org.openqa.selenium.remote.http.W3CHttpResponseCodec.createException(W3CHttpResponseCodec.java:150)
	at org.openqa.selenium.remote.http.W3CHttpResponseCodec.decode(W3CHttpResponseCodec.java:115)
	at org.openqa.selenium.remote.http.W3CHttpResponseCodec.decode(W3CHttpResponseCodec.java:45)
	at org.openqa.selenium.remote.HttpCommandExecutor.execute(HttpCommandExecutor.java:164)
	at org.openqa.selenium.remote.service.DriverCommandExecutor.execute(DriverCommandExecutor.java:82)
	at org.openqa.selenium.remote.RemoteWebDriver.execute(RemoteWebDriver.java:637)
	at org.openqa.selenium.remote.RemoteWebDriver.get(RemoteWebDriver.java:364)
	at com.hilton.TestBase.TestBase.init(TestBase.java:51)
	at com.hilton.TestCases.LoginPageTest.setup(LoginPageTest.java:30)

setup(com.hilton.TestCases.SignInPageTest)  Time elapsed: 34.375 sec  <<< FAILURE!
org.openqa.selenium.WebDriverException: Reached error page: about:neterror?e=netTimeout&u=http%3A//www3-iwv-stg.hilton.com/en/index.html&c=UTF-8&f=regular&d=The%20server%20at%20www3-iwv-stg.hilton.com%20is%20taking%20too%20long%20to%20respond.
Build info: version: '3.4.0', revision: 'unknown', time: 'unknown'
System info: host: 'CBR-LAP-DEL2443', ip: '192.168.0.101', os.name: 'Windows 7', os.arch: 'amd64', os.version: '6.1', java.version: '1.8.0_73'
Driver info: org.openqa.selenium.firefox.FirefoxDriver
Capabilities [{moz:profile=C:\Users\nawkumar\AppData\Local\Temp\rust_mozprofile.DvIfYsMgbLLG, rotatable=false, moz:geckodriverVersion=0.24.0, timeouts={implicit=0.0, pageLoad=300000.0, script=30000.0}, pageLoadStrategy=normal, unhandledPromptBehavior=dismiss and notify, strictFileInteractability=false, moz:headless=false, platform=ANY, moz:accessibilityChecks=false, moz:useNonSpecCompliantPointerOrigin=false, acceptInsecureCerts=false, browserVersion=67.0, moz:shutdownTimeout=60000.0, platformVersion=6.1, moz:processID=17008.0, browserName=firefox, moz:buildID=20190516215225, javascriptEnabled=true, platformName=windows, setWindowRect=true, moz:webdriverClick=true}]
Session ID: 98ef2852-d218-4b12-88b7-377dc1cfedbb
	at sun.reflect.NativeConstructorAccessorImpl.newInstance0(Native Method)
	at sun.reflect.NativeConstructorAccessorImpl.newInstance(NativeConstructorAccessorImpl.java:62)
	at sun.reflect.DelegatingConstructorAccessorImpl.newInstance(DelegatingConstructorAccessorImpl.java:45)
	at java.lang.reflect.Constructor.newInstance(Constructor.java:422)
	at org.openqa.selenium.remote.http.W3CHttpResponseCodec.createException(W3CHttpResponseCodec.java:150)
	at org.openqa.selenium.remote.http.W3CHttpResponseCodec.decode(W3CHttpResponseCodec.java:115)
	at org.openqa.selenium.remote.http.W3CHttpResponseCodec.decode(W3CHttpResponseCodec.java:45)
	at org.openqa.selenium.remote.HttpCommandExecutor.execute(HttpCommandExecutor.java:164)
	at org.openqa.selenium.remote.service.DriverCommandExecutor.execute(DriverCommandExecutor.java:82)
	at org.openqa.selenium.remote.RemoteWebDriver.execute(RemoteWebDriver.java:637)
	at org.openqa.selenium.remote.RemoteWebDriver.get(RemoteWebDriver.java:364)
	at com.hilton.TestBase.TestBase.init(TestBase.java:51)
	at com.hilton.TestCases.SignInPageTest.setup(SignInPageTest.java:27)

