<?xml version="1.0" encoding="UTF-8" ?>
<testsuite tests="15" failures="2" name="TestSuite" time="72.804" errors="0" skipped="13">
  <properties>
[...]
</properties>
  <testcase classname="com.hilton.TestCases.LoginPageTest" name="setup" time="38.427">
    <failure message="Reached error page: about:neterror?e=netTimeout&amp;u=http%3A//www3-iwv-stg.hilton.com/en/index.html&amp;c=UTF-8&amp;f=regular&amp;d=The%20server%20at%20www3-iwv-stg.hilton.com%20is%20taking%20too%20long%20to%20respond.
Build info: version: &apos;3.4.0&apos;, revision: &apos;unknown&apos;, time: &apos;unknown&apos;
System info: host: &apos;CBR-LAP-DEL2443&apos;, ip: &apos;192.168.0.101&apos;, os.name: &apos;Windows 7&apos;, os.arch: &apos;amd64&apos;, os.version: &apos;6.1&apos;, java.version: &apos;1.8.0_73&apos;
Driver info: org.openqa.selenium.firefox.FirefoxDriver
Capabilities [{moz:profile=C:\Users\nawkumar\AppData\Local\Temp\rust_mozprofile.rJO0iV8UnyL4, rotatable=false, moz:geckodriverVersion=0.24.0, timeouts={implicit=0.0, pageLoad=300000.0, script=30000.0}, pageLoadStrategy=normal, unhandledPromptBehavior=dismiss and notify, strictFileInteractability=false, moz:headless=false, platform=ANY, moz:accessibilityChecks=false, moz:useNonSpecCompliantPointerOrigin=false, acceptInsecureCerts=false, browserVersion=67.0, moz:shutdownTimeout=60000.0, platformVersion=6.1, moz:processID=17952.0, browserName=firefox, moz:buildID=20190516215225, javascriptEnabled=true, platformName=windows, setWindowRect=true, moz:webdriverClick=true}]
Session ID: 3bfb3cbf-1a14-451a-a6cc-87a722fe6c9b" type="org.openqa.selenium.WebDriverException">org.openqa.selenium.WebDriverException: Reached error page: about:neterror?e=netTimeout&amp;u=http%3A//www3-iwv-stg.hilton.com/en/index.html&amp;c=UTF-8&amp;f=regular&amp;d=The%20server%20at%20www3-iwv-stg.hilton.com%20is%20taking%20too%20long%20to%20respond.
Build info: version: &apos;3.4.0&apos;, revision: &apos;unknown&apos;, time: &apos;unknown&apos;
System info: host: &apos;CBR-LAP-DEL2443&apos;, ip: &apos;192.168.0.101&apos;, os.name: &apos;Windows 7&apos;, os.arch: &apos;amd64&apos;, os.version: &apos;6.1&apos;, java.version: &apos;1.8.0_73&apos;
Driver info: org.openqa.selenium.firefox.FirefoxDriver
Capabilities [{moz:profile=C:\Users\nawkumar\AppData\Local\Temp\rust_mozprofile.rJO0iV8UnyL4, rotatable=false, moz:geckodriverVersion=0.24.0, timeouts={implicit=0.0, pageLoad=300000.0, script=30000.0}, pageLoadStrategy=normal, unhandledPromptBehavior=dismiss and notify, strictFileInteractability=false, moz:headless=false, platform=ANY, moz:accessibilityChecks=false, moz:useNonSpecCompliantPointerOrigin=false, acceptInsecureCerts=false, browserVersion=67.0, moz:shutdownTimeout=60000.0, platformVersion=6.1, moz:processID=17952.0, browserName=firefox, moz:buildID=20190516215225, javascriptEnabled=true, platformName=windows, setWindowRect=true, moz:webdriverClick=true}]
Session ID: 3bfb3cbf-1a14-451a-a6cc-87a722fe6c9b
	at sun.reflect.NativeConstructorAccessorImpl.newInstance0(Native Method)
	at sun.reflect.NativeConstructorAccessorImpl.newInstance(NativeConstructorAccessorImpl.java:62)
	at sun.reflect.DelegatingConstructorAccessorImpl.newInstance(DelegatingConstructorAccessorImpl.java:45)
	at java.lang.reflect.Constructor.newInstance(Constructor.java:422)
	at org.openqa.selenium.remote.http.W3CHttpResponseCodec.createException(W3CHttpResponseCodec.java:150)
	at org.openqa.selenium.remote.http.W3CHttpResponseCodec.decode(W3CHttpResponseCodec.java:115)
	at org.openqa.selenium.remote.http.W3CHttpResponseCodec.decode(W3CHttpResponseCodec.java:45)
	at org.openqa.selenium.remote.HttpCommandExecutor.execute(HttpCommandExecutor.java:164)
	at org.openqa.selenium.remote.service.DriverCommandExecutor.execute(DriverCommandExecutor.java:82)
	at org.openqa.selenium.remote.RemoteWebDriver.execute(RemoteWebDriver.java:637)
	at org.openqa.selenium.remote.RemoteWebDriver.get(RemoteWebDriver.java:364)
	at com.hilton.TestBase.TestBase.init(TestBase.java:51)
	at com.hilton.TestCases.LoginPageTest.setup(LoginPageTest.java:30)
</failure>
    <system-out>Configuring TestNG with: org.apache.maven.surefire.testng.conf.TestNG652Configurator@4d591d15
</system-out>
    <system-err>1559498565683	mozrunner::runner	INFO	Running command: &quot;C:\\Program Files\\Mozilla Firefox\\firefox.exe&quot; &quot;-marionette&quot; &quot;-foreground&quot; &quot;-no-remote&quot; &quot;-profile&quot; &quot;C:\\Users\\nawkumar\\AppData\\Local\\Temp\\rust_mozprofile.rJO0iV8UnyL4&quot;
1559498567490	addons.webextension.screenshots@mozilla.org	WARN	Loading extension &apos;screenshots@mozilla.org&apos;: Reading manifest: Invalid extension permission: mozillaAddons
1559498567494	addons.webextension.screenshots@mozilla.org	WARN	Loading extension &apos;screenshots@mozilla.org&apos;: Reading manifest: Invalid extension permission: resource://pdf.js/
1559498567495	addons.webextension.screenshots@mozilla.org	WARN	Loading extension &apos;screenshots@mozilla.org&apos;: Reading manifest: Invalid extension permission: about:reader*
1559498580123	Marionette	INFO	Listening on port 65368
[Child 11384, Chrome_ChildThread] WARNING: pipe error: 109: file z:/task_1558035249/build/src/ipc/chromium/src/chrome/common/ipc_channel_win.cc, line 341
[Child 11384, Chrome_ChildThread] WARNING: pipe error: 109: file z:/task_1558035249/build/src/ipc/chromium/src/chrome/common/ipc_channel_win.cc, line 341
Jun 02, 2019 11:33:00 PM org.openqa.selenium.remote.ProtocolHandshake createSession
INFO: Detected dialect: W3C
console.error: BroadcastService: 
  receivedBroadcastMessage: handler for
  remote-settings/monitor_changes
  threw error:
  Message: Error: Polling for changes failed: http://%(server)s/dummy/blocklist//buckets/monitor/collections/changes/records?_expected=%221559433603642%22 is not a valid URL..
  Stack:
    remoteSettingsFunction/remoteSettings.pollChanges@resource://services-settings/remote-settings.js:203:13

</system-err>
  </testcase>
  <testcase classname="com.hilton.TestCases.LoginPageTest" name="verifyLoginPageTitle" time="0">
    <skipped/>
  </testcase>
  <testcase classname="com.hilton.TestCases.LoginPageTest" name="closeBrowser" time="0">
    <skipped/>
  </testcase>
  <testcase classname="com.hilton.TestCases.SignInPageTest" name="setup" time="34.375">
    <failure message="Reached error page: about:neterror?e=netTimeout&amp;u=http%3A//www3-iwv-stg.hilton.com/en/index.html&amp;c=UTF-8&amp;f=regular&amp;d=The%20server%20at%20www3-iwv-stg.hilton.com%20is%20taking%20too%20long%20to%20respond.
Build info: version: &apos;3.4.0&apos;, revision: &apos;unknown&apos;, time: &apos;unknown&apos;
System info: host: &apos;CBR-LAP-DEL2443&apos;, ip: &apos;192.168.0.101&apos;, os.name: &apos;Windows 7&apos;, os.arch: &apos;amd64&apos;, os.version: &apos;6.1&apos;, java.version: &apos;1.8.0_73&apos;
Driver info: org.openqa.selenium.firefox.FirefoxDriver
Capabilities [{moz:profile=C:\Users\nawkumar\AppData\Local\Temp\rust_mozprofile.DvIfYsMgbLLG, rotatable=false, moz:geckodriverVersion=0.24.0, timeouts={implicit=0.0, pageLoad=300000.0, script=30000.0}, pageLoadStrategy=normal, unhandledPromptBehavior=dismiss and notify, strictFileInteractability=false, moz:headless=false, platform=ANY, moz:accessibilityChecks=false, moz:useNonSpecCompliantPointerOrigin=false, acceptInsecureCerts=false, browserVersion=67.0, moz:shutdownTimeout=60000.0, platformVersion=6.1, moz:processID=17008.0, browserName=firefox, moz:buildID=20190516215225, javascriptEnabled=true, platformName=windows, setWindowRect=true, moz:webdriverClick=true}]
Session ID: 98ef2852-d218-4b12-88b7-377dc1cfedbb" type="org.openqa.selenium.WebDriverException">org.openqa.selenium.WebDriverException: Reached error page: about:neterror?e=netTimeout&amp;u=http%3A//www3-iwv-stg.hilton.com/en/index.html&amp;c=UTF-8&amp;f=regular&amp;d=The%20server%20at%20www3-iwv-stg.hilton.com%20is%20taking%20too%20long%20to%20respond.
Build info: version: &apos;3.4.0&apos;, revision: &apos;unknown&apos;, time: &apos;unknown&apos;
System info: host: &apos;CBR-LAP-DEL2443&apos;, ip: &apos;192.168.0.101&apos;, os.name: &apos;Windows 7&apos;, os.arch: &apos;amd64&apos;, os.version: &apos;6.1&apos;, java.version: &apos;1.8.0_73&apos;
Driver info: org.openqa.selenium.firefox.FirefoxDriver
Capabilities [{moz:profile=C:\Users\nawkumar\AppData\Local\Temp\rust_mozprofile.DvIfYsMgbLLG, rotatable=false, moz:geckodriverVersion=0.24.0, timeouts={implicit=0.0, pageLoad=300000.0, script=30000.0}, pageLoadStrategy=normal, unhandledPromptBehavior=dismiss and notify, strictFileInteractability=false, moz:headless=false, platform=ANY, moz:accessibilityChecks=false, moz:useNonSpecCompliantPointerOrigin=false, acceptInsecureCerts=false, browserVersion=67.0, moz:shutdownTimeout=60000.0, platformVersion=6.1, moz:processID=17008.0, browserName=firefox, moz:buildID=20190516215225, javascriptEnabled=true, platformName=windows, setWindowRect=true, moz:webdriverClick=true}]
Session ID: 98ef2852-d218-4b12-88b7-377dc1cfedbb
	at sun.reflect.NativeConstructorAccessorImpl.newInstance0(Native Method)
	at sun.reflect.NativeConstructorAccessorImpl.newInstance(NativeConstructorAccessorImpl.java:62)
	at sun.reflect.DelegatingConstructorAccessorImpl.newInstance(DelegatingConstructorAccessorImpl.java:45)
	at java.lang.reflect.Constructor.newInstance(Constructor.java:422)
	at org.openqa.selenium.remote.http.W3CHttpResponseCodec.createException(W3CHttpResponseCodec.java:150)
	at org.openqa.selenium.remote.http.W3CHttpResponseCodec.decode(W3CHttpResponseCodec.java:115)
	at org.openqa.selenium.remote.http.W3CHttpResponseCodec.decode(W3CHttpResponseCodec.java:45)
	at org.openqa.selenium.remote.HttpCommandExecutor.execute(HttpCommandExecutor.java:164)
	at org.openqa.selenium.remote.service.DriverCommandExecutor.execute(DriverCommandExecutor.java:82)
	at org.openqa.selenium.remote.RemoteWebDriver.execute(RemoteWebDriver.java:637)
	at org.openqa.selenium.remote.RemoteWebDriver.get(RemoteWebDriver.java:364)
	at com.hilton.TestBase.TestBase.init(TestBase.java:51)
	at com.hilton.TestCases.SignInPageTest.setup(SignInPageTest.java:27)
</failure>
    <system-err>1559498602638	mozrunner::runner	INFO	Running command: &quot;C:\\Program Files\\Mozilla Firefox\\firefox.exe&quot; &quot;-marionette&quot; &quot;-foreground&quot; &quot;-no-remote&quot; &quot;-profile&quot; &quot;C:\\Users\\nawkumar\\AppData\\Local\\Temp\\rust_mozprofile.DvIfYsMgbLLG&quot;
1559498604003	addons.webextension.screenshots@mozilla.org	WARN	Loading extension &apos;screenshots@mozilla.org&apos;: Reading manifest: Invalid extension permission: mozillaAddons
1559498604003	addons.webextension.screenshots@mozilla.org	WARN	Loading extension &apos;screenshots@mozilla.org&apos;: Reading manifest: Invalid extension permission: resource://pdf.js/
1559498604003	addons.webextension.screenshots@mozilla.org	WARN	Loading extension &apos;screenshots@mozilla.org&apos;: Reading manifest: Invalid extension permission: about:reader*
1559498614910	Marionette	INFO	Listening on port 65445
[Parent 17008, Gecko_IOThread] WARNING: pipe error: 109: file z:/task_1558035249/build/src/ipc/chromium/src/chrome/common/ipc_channel_win.cc, line 341
[Child 16764, Chrome_ChildThread] WARNING: pipe error: 109: file z:/task_1558035249/build/src/ipc/chromium/src/chrome/common/ipc_channel_win.cc, line 341
[Child 16764, Chrome_ChildThread] WARNING: pipe error: 109: file z:/task_1558035249/build/src/ipc/chromium/src/chrome/common/ipc_channel_win.cc, line 341
Jun 02, 2019 11:33:35 PM org.openqa.selenium.remote.ProtocolHandshake createSession
INFO: Detected dialect: W3C
</system-err>
  </testcase>
  <testcase classname="com.hilton.TestCases.SignInPageTest" name="verifySignInPageTitle" time="0">
    <skipped/>
  </testcase>
  <testcase classname="com.hilton.TestCases.SignInPageTest" name="closeBrowser" time="0">
    <skipped/>
  </testcase>
  <testcase classname="com.hilton.TestCases.LoginPageTest" name="setup" time="0">
    <skipped/>
  </testcase>
  <testcase classname="com.hilton.TestCases.LoginPageTest" name="loginSuccess" time="0">
    <skipped/>
  </testcase>
  <testcase classname="com.hilton.TestCases.LoginPageTest" name="closeBrowser" time="0">
    <skipped/>
  </testcase>
  <testcase classname="com.hilton.TestCases.SignInPageTest" name="setup" time="0">
    <skipped/>
  </testcase>
  <testcase classname="com.hilton.TestCases.SignInPageTest" name="verifyLogoTest" time="0">
    <skipped/>
  </testcase>
  <testcase classname="com.hilton.TestCases.SignInPageTest" name="closeBrowser" time="0">
    <skipped/>
  </testcase>
  <testcase classname="com.hilton.TestCases.SignInPageTest" name="setup" time="0.002">
    <skipped/>
  </testcase>
  <testcase classname="com.hilton.TestCases.SignInPageTest" name="clickSignInButtonTest" time="0">
    <skipped/>
  </testcase>
  <testcase classname="com.hilton.TestCases.SignInPageTest" name="closeBrowser" time="0">
    <skipped/>
  </testcase>
</testsuite>