<?xml version="1.0" encoding="UTF-8"?>
<testng-results skipped="0" failed="0" total="1" passed="1">
  <reporter-output>
  </reporter-output>
  <suite name="Default suite" duration-ms="56893" started-at="2019-06-11T17:22:01Z" finished-at="2019-06-11T17:22:58Z">
    <groups>
    </groups>
    <test name="Default test" duration-ms="56893" started-at="2019-06-11T17:22:01Z" finished-at="2019-06-11T17:22:58Z">
      <class name="com.hilton.TestCases.LoginPageTest">
        <test-method status="PASS" signature="setup()[pri:0, instance:com.hilton.TestCases.LoginPageTest@9f70c54]" name="setup" is-config="true" duration-ms="54930" started-at="2019-06-11T22:52:01Z" finished-at="2019-06-11T22:52:56Z">
          <reporter-output>
          </reporter-output>
        </test-method> <!-- setup -->
        <test-method status="PASS" signature="loginSuccess()[pri:0, instance:com.hilton.TestCases.LoginPageTest@9f70c54]" name="loginSuccess" duration-ms="1938" started-at="2019-06-11T22:52:56Z" finished-at="2019-06-11T22:52:58Z">
          <reporter-output>
          </reporter-output>
        </test-method> <!-- loginSuccess -->
      </class> <!-- com.hilton.TestCases.LoginPageTest -->
    </test> <!-- Default test -->
  </suite> <!-- Default suite -->
</testng-results>
