<?xml version="1.0" encoding="UTF-8"?>
<testng-results skipped="0" failed="0" total="3" passed="3">
  <reporter-output>
  </reporter-output>
  <suite name="Default suite" duration-ms="91945" started-at="2019-06-06T09:39:41Z" finished-at="2019-06-06T09:41:13Z">
    <groups>
    </groups>
    <test name="Default test" duration-ms="91945" started-at="2019-06-06T09:39:41Z" finished-at="2019-06-06T09:41:13Z">
      <class name="com.hilton.TestCases.SignInPageTest">
        <test-method status="PASS" signature="setup()[pri:0, instance:com.hilton.TestCases.SignInPageTest@6b143ee9]" name="setup" is-config="true" duration-ms="25893" started-at="2019-06-06T15:09:41Z" finished-at="2019-06-06T15:10:07Z">
          <reporter-output>
          </reporter-output>
        </test-method> <!-- setup -->
        <test-method status="PASS" signature="verifySignInPageTitle()[pri:0, instance:com.hilton.TestCases.SignInPageTest@6b143ee9]" name="verifySignInPageTitle" duration-ms="26" started-at="2019-06-06T15:10:07Z" finished-at="2019-06-06T15:10:07Z">
          <reporter-output>
          </reporter-output>
        </test-method> <!-- verifySignInPageTitle -->
        <test-method status="PASS" signature="closeBrowser()[pri:0, instance:com.hilton.TestCases.SignInPageTest@6b143ee9]" name="closeBrowser" is-config="true" duration-ms="1225" started-at="2019-06-06T15:10:07Z" finished-at="2019-06-06T15:10:08Z">
          <reporter-output>
          </reporter-output>
        </test-method> <!-- closeBrowser -->
        <test-method status="PASS" signature="setup()[pri:0, instance:com.hilton.TestCases.SignInPageTest@6b143ee9]" name="setup" is-config="true" duration-ms="23290" started-at="2019-06-06T15:10:08Z" finished-at="2019-06-06T15:10:32Z">
          <reporter-output>
          </reporter-output>
        </test-method> <!-- setup -->
        <test-method status="PASS" signature="verifyLogoTest()[pri:0, instance:com.hilton.TestCases.SignInPageTest@6b143ee9]" name="verifyLogoTest" duration-ms="70" started-at="2019-06-06T15:10:32Z" finished-at="2019-06-06T15:10:32Z">
          <reporter-output>
          </reporter-output>
        </test-method> <!-- verifyLogoTest -->
        <test-method status="PASS" signature="closeBrowser()[pri:0, instance:com.hilton.TestCases.SignInPageTest@6b143ee9]" name="closeBrowser" is-config="true" duration-ms="917" started-at="2019-06-06T15:10:32Z" finished-at="2019-06-06T15:10:33Z">
          <reporter-output>
          </reporter-output>
        </test-method> <!-- closeBrowser -->
        <test-method status="PASS" signature="setup()[pri:0, instance:com.hilton.TestCases.SignInPageTest@6b143ee9]" name="setup" is-config="true" duration-ms="18870" started-at="2019-06-06T15:10:33Z" finished-at="2019-06-06T15:10:52Z">
          <reporter-output>
          </reporter-output>
        </test-method> <!-- setup -->
        <test-method status="PASS" signature="clickSignInButtonTest()[pri:0, instance:com.hilton.TestCases.SignInPageTest@6b143ee9]" name="clickSignInButtonTest" duration-ms="20698" started-at="2019-06-06T15:10:52Z" finished-at="2019-06-06T15:11:12Z">
          <reporter-output>
          </reporter-output>
        </test-method> <!-- clickSignInButtonTest -->
        <test-method status="PASS" signature="closeBrowser()[pri:0, instance:com.hilton.TestCases.SignInPageTest@6b143ee9]" name="closeBrowser" is-config="true" duration-ms="924" started-at="2019-06-06T15:11:12Z" finished-at="2019-06-06T15:11:13Z">
          <reporter-output>
          </reporter-output>
        </test-method> <!-- closeBrowser -->
      </class> <!-- com.hilton.TestCases.SignInPageTest -->
    </test> <!-- Default test -->
  </suite> <!-- Default suite -->
</testng-results>
