<?xml version="1.0" encoding="UTF-8"?>
<!-- Generated by org.testng.reporters.JUnitXMLReporter -->
<testsuite hostname="CBR-LAP-DEL2443" name="Hilton" tests="5" failures="0" timestamp="6 Jun 2019 12:24:07 GMT" time="186.481" errors="0">
  <testcase name="verifySignInPageTitle" time="0.028" classname="com.hilton.TestCases.SignInPageTest"/>
  <testcase name="verifyLogoTest" time="0.05" classname="com.hilton.TestCases.SignInPageTest"/>
  <testcase name="clickSignInButtonTest" time="23.869" classname="com.hilton.TestCases.SignInPageTest"/>
  <testcase name="verifyLoginPageTitle" time="0.015" classname="com.hilton.TestCases.LoginPageTest"/>
  <testcase name="loginSuccess" time="1.997" classname="com.hilton.TestCases.LoginPageTest"/>
</testsuite> <!-- Hilton -->
