<?xml version="1.0" encoding="UTF-8"?>
<!-- Generated by org.testng.reporters.JUnitXMLReporter -->
<testsuite hostname="CBR-LAP-DEL2443" name="Sprint1" tests="4" failures="0" timestamp="26 May 2019 03:53:44 GMT" time="0.297" errors="0">
  <testcase name="addTest" time="0.114" classname="CaculatorAutomation.CalculatorTest.AppTest"/>
  <testcase name="divTest" time="0.008" classname="CaculatorAutomation.CalculatorTest.AppTest"/>
  <testcase name="multiTest" time="0.007" classname="CaculatorAutomation.CalculatorTest.AppTest"/>
  <testcase name="subTest" time="0.003" classname="CaculatorAutomation.CalculatorTest.AppTest"/>
</testsuite> <!-- Sprint1 -->
